# JRE version: OpenJDK Runtime Environment (8.0_152-b01) (build 1.8.0_152-release-915-b01)
# Java VM: OpenJDK 64-Bit Server VM (25.152-b01 mixed mode windows-amd64 compressed oops)
Heap:
 PSYoungGen      total 34816K, used 7315K [0x00000000e0000000, 0x00000000e3500000, 0x0000000100000000)
  eden space 28672K, 11% used [0x00000000e0000000,0x00000000e032b310,0x00000000e1c00000)
  from space 6144K, 66% used [0x00000000e2200000,0x00000000e25f9a18,0x00000000e2800000)
  to   space 6144K, 0% used [0x00000000e1c00000,0x00000000e1c00000,0x00000000e2200000)
 ParOldGen       total 31232K, used 9212K [0x00000000a0000000, 0x00000000a1e80000, 0x00000000e0000000)
  object space 31232K, 29% used [0x00000000a0000000,0x00000000a08ff3c8,0x00000000a1e80000)
 Metaspace       used 23257K, capacity 23718K, committed 23984K, reserved 1071104K
  class space    used 3101K, capacity 3222K, committed 3248K, reserved 1048576K
GC Heap History (10 events):
Event: 9.464 GC heap before
{Heap before GC invocations=7 (full 0):
 PSYoungGen      total 19968K, used 19422K [0x00000000e0000000, 0x00000000e2900000, 0x0000000100000000)
  eden space 14336K, 100% used [0x00000000e0000000,0x00000000e0e00000,0x00000000e0e00000)
  from space 5632K, 90% used [0x00000000e1400000,0x00000000e18f7af8,0x00000000e1980000)
  to   space 6144K, 0% used [0x00000000e0e00000,0x00000000e0e00000,0x00000000e1400000)
 ParOldGen       total 38400K, used 7484K [0x00000000a0000000, 0x00000000a2580000, 0x00000000e0000000)
  object space 38400K, 19% used [0x00000000a0000000,0x00000000a074f1c0,0x00000000a2580000)
 Metaspace       used 18942K, capacity 19254K, committed 19584K, reserved 1067008K
  class space    used 2509K, capacity 2623K, committed 2688K, reserved 1048576K
Event: 9.477 GC heap after
Heap after GC invocations=7 (full 0):
 PSYoungGen      total 20480K, used 4688K [0x00000000e0000000, 0x00000000e2800000, 0x0000000100000000)
  eden space 14336K, 0% used [0x00000000e0000000,0x00000000e0000000,0x00000000e0e00000)
  from space 6144K, 76% used [0x00000000e0e00000,0x00000000e1294010,0x00000000e1400000)
  to   space 6144K, 0% used [0x00000000e2200000,0x00000000e2200000,0x00000000e2800000)
 ParOldGen       total 38400K, used 8168K [0x00000000a0000000, 0x00000000a2580000, 0x00000000e0000000)
  object space 38400K, 21% used [0x00000000a0000000,0x00000000a07fa220,0x00000000a2580000)
 Metaspace       used 18942K, capacity 19254K, committed 19584K, reserved 1067008K
  class space    used 2509K, capacity 2623K, committed 2688K, reserved 1048576K
}
Event: 10.078 GC heap before
{Heap before GC invocations=8 (full 0):
 PSYoungGen      total 20480K, used 19024K [0x00000000e0000000, 0x00000000e2800000, 0x0000000100000000)
  eden space 14336K, 100% used [0x00000000e0000000,0x00000000e0e00000,0x00000000e0e00000)
  from space 6144K, 76% used [0x00000000e0e00000,0x00000000e1294010,0x00000000e1400000)
  to   space 6144K, 0% used [0x00000000e2200000,0x00000000e2200000,0x00000000e2800000)
 ParOldGen       total 38400K, used 8168K [0x00000000a0000000, 0x00000000a2580000, 0x00000000e0000000)
  object space 38400K, 21% used [0x00000000a0000000,0x00000000a07fa220,0x00000000a2580000)
 Metaspace       used 20411K, capacity 20826K, committed 20992K, reserved 1067008K
  class space    used 2638K, capacity 2758K, committed 2816K, reserved 1048576K
Event: 10.111 GC heap after
Heap after GC invocations=8 (full 0):
 PSYoungGen      total 34816K, used 4198K [0x00000000e0000000, 0x00000000e2800000, 0x0000000100000000)
  eden space 28672K, 0% used [0x00000000e0000000,0x00000000e0000000,0x00000000e1c00000)
  from space 6144K, 68% used [0x00000000e2200000,0x00000000e2619938,0x00000000e2800000)
  to   space 6144K, 0% used [0x00000000e1c00000,0x00000000e1c00000,0x00000000e2200000)
 ParOldGen       total 38400K, used 9000K [0x00000000a0000000, 0x00000000a2580000, 0x00000000e0000000)
  object space 38400K, 23% used [0x00000000a0000000,0x00000000a08ca298,0x00000000a2580000)
 Metaspace       used 20411K, capacity 20826K, committed 20992K, reserved 1067008K
  class space    used 2638K, capacity 2758K, committed 2816K, reserved 1048576K
}
Event: 10.437 GC heap before
{Heap before GC invocations=9 (full 0):
 PSYoungGen      total 34816K, used 8886K [0x00000000e0000000, 0x00000000e2800000, 0x0000000100000000)
  eden space 28672K, 16% used [0x00000000e0000000,0x00000000e0493f58,0x00000000e1c00000)
  from space 6144K, 68% used [0x00000000e2200000,0x00000000e2619938,0x00000000e2800000)
  to   space 6144K, 0% used [0x00000000e1c00000,0x00000000e1c00000,0x00000000e2200000)
 ParOldGen       total 38400K, used 9000K [0x00000000a0000000, 0x00000000a2580000, 0x00000000e0000000)
  object space 38400K, 23% used [0x00000000a0000000,0x00000000a08ca298,0x00000000a2580000)
 Metaspace       used 20779K, capacity 21178K, committed 21296K, reserved 1067008K
  class space    used 2695K, capacity 2854K, committed 2864K, reserved 1048576K
Event: 10.474 GC heap after
Heap after GC invocations=9 (full 0):
 PSYoungGen      total 34816K, used 2057K [0x00000000e0000000, 0x00000000e2800000, 0x0000000100000000)
  eden space 28672K, 0% used [0x00000000e0000000,0x00000000e0000000,0x00000000e1c00000)
  from space 6144K, 33% used [0x00000000e1c00000,0x00000000e1e02758,0x00000000e2200000)
  to   space 6144K, 0% used [0x00000000e2200000,0x00000000e2200000,0x00000000e2800000)
 ParOldGen       total 38400K, used 10972K [0x00000000a0000000, 0x00000000a2580000, 0x00000000e0000000)
  object space 38400K, 28% used [0x00000000a0000000,0x00000000a0ab7158,0x00000000a2580000)
 Metaspace       used 20779K, capacity 21178K, committed 21296K, reserved 1067008K
  class space    used 2695K, capacity 2854K, committed 2864K, reserved 1048576K
}
Event: 10.474 GC heap before
{Heap before GC invocations=10 (full 1):
 PSYoungGen      total 34816K, used 2057K [0x00000000e0000000, 0x00000000e2800000, 0x0000000100000000)
  eden space 28672K, 0% used [0x00000000e0000000,0x00000000e0000000,0x00000000e1c00000)
  from space 6144K, 33% used [0x00000000e1c00000,0x00000000e1e02758,0x00000000e2200000)
  to   space 6144K, 0% used [0x00000000e2200000,0x00000000e2200000,0x00000000e2800000)
 ParOldGen       total 38400K, used 10972K [0x00000000a0000000, 0x00000000a2580000, 0x00000000e0000000)
  object space 38400K, 28% used [0x00000000a0000000,0x00000000a0ab7158,0x00000000a2580000)
 Metaspace       used 20779K, capacity 21178K, committed 21296K, reserved 1067008K
  class space    used 2695K, capacity 2854K, committed 2864K, reserved 1048576K
Event: 10.593 GC heap after
Heap after GC invocations=10 (full 1):
 PSYoungGen      total 34816K, used 0K [0x00000000e0000000, 0x00000000e2800000, 0x0000000100000000)
  eden space 28672K, 0% used [0x00000000e0000000,0x00000000e0000000,0x00000000e1c00000)
  from space 6144K, 0% used [0x00000000e1c00000,0x00000000e1c00000,0x00000000e2200000)
  to   space 6144K, 0% used [0x00000000e2200000,0x00000000e2200000,0x00000000e2800000)
 ParOldGen       total 31232K, used 9204K [0x00000000a0000000, 0x00000000a1e80000, 0x00000000e0000000)
  object space 31232K, 29% used [0x00000000a0000000,0x00000000a08fd3c8,0x00000000a1e80000)
 Metaspace       used 20779K, capacity 21178K, committed 21296K, reserved 1067008K
  class space    used 2695K, capacity 2854K, committed 2864K, reserved 1048576K
}
Event: 12.876 GC heap before
{Heap before GC invocations=11 (full 1):
 PSYoungGen      total 34816K, used 28672K [0x00000000e0000000, 0x00000000e2800000, 0x0000000100000000)
  eden space 28672K, 100% used [0x00000000e0000000,0x00000000e1c00000,0x00000000e1c00000)
  from space 6144K, 0% used [0x00000000e1c00000,0x00000000e1c00000,0x00000000e2200000)
  to   space 6144K, 0% used [0x00000000e2200000,0x00000000e2200000,0x00000000e2800000)
 ParOldGen       total 31232K, used 9204K [0x00000000a0000000, 0x00000000a1e80000, 0x00000000e0000000)
  object space 31232K, 29% used [0x00000000a0000000,0x00000000a08fd3c8,0x00000000a1e80000)
 Metaspace       used 23001K, capacity 23494K, committed 23728K, reserved 1069056K
  class space    used 3052K, capacity 3190K, committed 3248K, reserved 1048576K
Event: 12.888 GC heap after
Heap after GC invocations=11 (full 1):
 PSYoungGen      total 34816K, used 4070K [0x00000000e0000000, 0x00000000e3500000, 0x0000000100000000)
  eden space 28672K, 0% used [0x00000000e0000000,0x00000000e0000000,0x00000000e1c00000)
  from space 6144K, 66% used [0x00000000e2200000,0x00000000e25f9a18,0x00000000e2800000)
  to   space 6144K, 0% used [0x00000000e1c00000,0x00000000e1c00000,0x00000000e2200000)
 ParOldGen       total 31232K, used 9212K [0x00000000a0000000, 0x00000000a1e80000, 0x00000000e0000000)
  object space 31232K, 29% used [0x00000000a0000000,0x00000000a08ff3c8,0x00000000a1e80000)
 Metaspace       used 23001K, capacity 23494K, committed 23728K, reserved 1069056K
  class space    used 3052K, capacity 3190K, committed 3248K, reserved 1048576K
}

