# JRE version: OpenJDK Runtime Environment (8.0_152-b01) (build 1.8.0_152-release-915-b01)
# Java VM: OpenJDK 64-Bit Server VM (25.152-b01 mixed mode windows-amd64 compressed oops)
Heap:
 PSYoungGen      total 31744K, used 31272K [0x00000000e0000000, 0x00000000e2100000, 0x0000000100000000)
  eden space 29696K, 98% used [0x00000000e0000000,0x00000000e1c8c138,0x00000000e1d00000)
  from space 2048K, 99% used [0x00000000e1f00000,0x00000000e20fe030,0x00000000e2100000)
  to   space 2048K, 0% used [0x00000000e1d00000,0x00000000e1d00000,0x00000000e1f00000)
 ParOldGen       total 38400K, used 4871K [0x00000000a0000000, 0x00000000a2580000, 0x00000000e0000000)
  object space 38400K, 12% used [0x00000000a0000000,0x00000000a04c1d98,0x00000000a2580000)
 Metaspace       used 17240K, capacity 17554K, committed 17792K, reserved 1064960K
  class space    used 2250K, capacity 2359K, committed 2432K, reserved 1048576K
GC Heap History (8 events):
Event: 1.962 GC heap before
{Heap before GC invocations=1 (full 0):
 PSYoungGen      total 16896K, used 14848K [0x00000000e0000000, 0x00000000e1280000, 0x0000000100000000)
  eden space 14848K, 100% used [0x00000000e0000000,0x00000000e0e80000,0x00000000e0e80000)
  from space 2048K, 0% used [0x00000000e1080000,0x00000000e1080000,0x00000000e1280000)
  to   space 2048K, 0% used [0x00000000e0e80000,0x00000000e0e80000,0x00000000e1080000)
 ParOldGen       total 38400K, used 0K [0x00000000a0000000, 0x00000000a2580000, 0x00000000e0000000)
  object space 38400K, 0% used [0x00000000a0000000,0x00000000a0000000,0x00000000a2580000)
 Metaspace       used 5851K, capacity 6050K, committed 6144K, reserved 1056768K
  class space    used 722K, capacity 762K, committed 768K, reserved 1048576K
Event: 1.969 GC heap after
Heap after GC invocations=1 (full 0):
 PSYoungGen      total 16896K, used 2047K [0x00000000e0000000, 0x00000000e1280000, 0x0000000100000000)
  eden space 14848K, 0% used [0x00000000e0000000,0x00000000e0000000,0x00000000e0e80000)
  from space 2048K, 99% used [0x00000000e0e80000,0x00000000e107fd08,0x00000000e1080000)
  to   space 2048K, 0% used [0x00000000e1080000,0x00000000e1080000,0x00000000e1280000)
 ParOldGen       total 38400K, used 1007K [0x00000000a0000000, 0x00000000a2580000, 0x00000000e0000000)
  object space 38400K, 2% used [0x00000000a0000000,0x00000000a00fbc40,0x00000000a2580000)
 Metaspace       used 5851K, capacity 6050K, committed 6144K, reserved 1056768K
  class space    used 722K, capacity 762K, committed 768K, reserved 1048576K
}
Event: 2.504 GC heap before
{Heap before GC invocations=2 (full 0):
 PSYoungGen      total 16896K, used 16895K [0x00000000e0000000, 0x00000000e1280000, 0x0000000100000000)
  eden space 14848K, 100% used [0x00000000e0000000,0x00000000e0e80000,0x00000000e0e80000)
  from space 2048K, 99% used [0x00000000e0e80000,0x00000000e107fd08,0x00000000e1080000)
  to   space 2048K, 0% used [0x00000000e1080000,0x00000000e1080000,0x00000000e1280000)
 ParOldGen       total 38400K, used 1007K [0x00000000a0000000, 0x00000000a2580000, 0x00000000e0000000)
  object space 38400K, 2% used [0x00000000a0000000,0x00000000a00fbc40,0x00000000a2580000)
 Metaspace       used 6242K, capacity 6460K, committed 6528K, reserved 1056768K
  class space    used 772K, capacity 828K, committed 896K, reserved 1048576K
Event: 2.516 GC heap after
Heap after GC invocations=2 (full 0):
 PSYoungGen      total 16896K, used 2020K [0x00000000e0000000, 0x00000000e2100000, 0x0000000100000000)
  eden space 14848K, 0% used [0x00000000e0000000,0x00000000e0000000,0x00000000e0e80000)
  from space 2048K, 98% used [0x00000000e1080000,0x00000000e12790d0,0x00000000e1280000)
  to   space 2048K, 0% used [0x00000000e0e80000,0x00000000e0e80000,0x00000000e1080000)
 ParOldGen       total 38400K, used 1168K [0x00000000a0000000, 0x00000000a2580000, 0x00000000e0000000)
  object space 38400K, 3% used [0x00000000a0000000,0x00000000a0124028,0x00000000a2580000)
 Metaspace       used 6242K, capacity 6460K, committed 6528K, reserved 1056768K
  class space    used 772K, capacity 828K, committed 896K, reserved 1048576K
}
Event: 3.659 GC heap before
{Heap before GC invocations=3 (full 0):
 PSYoungGen      total 16896K, used 16868K [0x00000000e0000000, 0x00000000e2100000, 0x0000000100000000)
  eden space 14848K, 100% used [0x00000000e0000000,0x00000000e0e80000,0x00000000e0e80000)
  from space 2048K, 98% used [0x00000000e1080000,0x00000000e12790d0,0x00000000e1280000)
  to   space 2048K, 0% used [0x00000000e0e80000,0x00000000e0e80000,0x00000000e1080000)
 ParOldGen       total 38400K, used 1168K [0x00000000a0000000, 0x00000000a2580000, 0x00000000e0000000)
  object space 38400K, 3% used [0x00000000a0000000,0x00000000a0124028,0x00000000a2580000)
 Metaspace       used 8446K, capacity 8690K, committed 8832K, reserved 1056768K
  class space    used 1060K, capacity 1125K, committed 1152K, reserved 1048576K
Event: 3.666 GC heap after
Heap after GC invocations=3 (full 0):
 PSYoungGen      total 16896K, used 2040K [0x00000000e0000000, 0x00000000e2100000, 0x0000000100000000)
  eden space 14848K, 0% used [0x00000000e0000000,0x00000000e0000000,0x00000000e0e80000)
  from space 2048K, 99% used [0x00000000e0e80000,0x00000000e107e010,0x00000000e1080000)
  to   space 2048K, 0% used [0x00000000e1f00000,0x00000000e1f00000,0x00000000e2100000)
 ParOldGen       total 38400K, used 2771K [0x00000000a0000000, 0x00000000a2580000, 0x00000000e0000000)
  object space 38400K, 7% used [0x00000000a0000000,0x00000000a02b4dd0,0x00000000a2580000)
 Metaspace       used 8446K, capacity 8690K, committed 8832K, reserved 1056768K
  class space    used 1060K, capacity 1125K, committed 1152K, reserved 1048576K
}
Event: 6.696 GC heap before
{Heap before GC invocations=4 (full 0):
 PSYoungGen      total 16896K, used 16888K [0x00000000e0000000, 0x00000000e2100000, 0x0000000100000000)
  eden space 14848K, 100% used [0x00000000e0000000,0x00000000e0e80000,0x00000000e0e80000)
  from space 2048K, 99% used [0x00000000e0e80000,0x00000000e107e010,0x00000000e1080000)
  to   space 2048K, 0% used [0x00000000e1f00000,0x00000000e1f00000,0x00000000e2100000)
 ParOldGen       total 38400K, used 2771K [0x00000000a0000000, 0x00000000a2580000, 0x00000000e0000000)
  object space 38400K, 7% used [0x00000000a0000000,0x00000000a02b4dd0,0x00000000a2580000)
 Metaspace       used 11888K, capacity 12178K, committed 12416K, reserved 1060864K
  class space    used 1553K, capacity 1655K, committed 1664K, reserved 1048576K
Event: 6.720 GC heap after
Heap after GC invocations=4 (full 0):
 PSYoungGen      total 31744K, used 2040K [0x00000000e0000000, 0x00000000e2100000, 0x0000000100000000)
  eden space 29696K, 0% used [0x00000000e0000000,0x00000000e0000000,0x00000000e1d00000)
  from space 2048K, 99% used [0x00000000e1f00000,0x00000000e20fe030,0x00000000e2100000)
  to   space 2048K, 0% used [0x00000000e1d00000,0x00000000e1d00000,0x00000000e1f00000)
 ParOldGen       total 38400K, used 4871K [0x00000000a0000000, 0x00000000a2580000, 0x00000000e0000000)
  object space 38400K, 12% used [0x00000000a0000000,0x00000000a04c1d98,0x00000000a2580000)
 Metaspace       used 11888K, capacity 12178K, committed 12416K, reserved 1060864K
  class space    used 1553K, capacity 1655K, committed 1664K, reserved 1048576K
}

